Cabal               > configure
Cabal               > Configuring Cabal-2.4.1.0...
Cabal               > build
Cabal               > Preprocessing library for Cabal-2.4.1.0..
Cabal               > Building library for Cabal-2.4.1.0..
Cabal               > [  1 of 220] Compiling Distribution.Compat.Binary
Cabal               > configure
Cabal               > Configuring Cabal-2.4.1.0...
Cabal               > build
Cabal               > Preprocessing library for Cabal-2.4.1.0..
Cabal               > Building library for Cabal-2.4.1.0..
Cabal               > [  1 of 220] Compiling Distribution.Compat.Binary
Cabal               > [  2 of 220] Compiling Distribution.Compat.Directory
Cabal               > [  3 of 220] Compiling Distribution.Compat.Exception
Cabal               > [  4 of 220] Compiling Distribution.Compat.Internal.TempFile
Cabal               > [  5 of 220] Compiling Distribution.Compat.MonadFail
Cabal               > [  6 of 220] Compiling Distribution.Compat.Newtype
Cabal               > [  7 of 220] Compiling Distribution.Compat.Semigroup
Cabal               > [  8 of 220] Compiling Distribution.Compat.Stack
Cabal               > [  9 of 220] Compiling Distribution.Compat.Prelude
Cabal               > [ 10 of 220] Compiling Distribution.Compat.SnocList
Cabal               > [ 11 of 220] Compiling Distribution.Compat.ReadP
Cabal               > [ 12 of 220] Compiling Distribution.Compat.Prelude.Internal
Cabal               > [ 13 of 220] Compiling Distribution.Compat.Parsing
Cabal               > [ 14 of 220] Compiling Distribution.Compat.Graph
Cabal               > [ 15 of 220] Compiling Distribution.Compat.GetShortPathName
Cabal               > [ 16 of 220] Compiling Distribution.Compat.DList
Cabal               > [ 17 of 220] Compiling Distribution.Compat.Lens
Cabal               > [ 18 of 220] Compiling Distribution.Compat.CopyFile
Cabal               > [ 19 of 220] Compiling Distribution.Compat.CharParsing
Cabal               > [ 20 of 220] Compiling Distribution.CabalSpecVersion
Cabal               > [ 21 of 220] Compiling Distribution.Compat.Environment
Cabal               > [ 22 of 220] Compiling Distribution.Compat.CreatePipe
Cabal               > [ 23 of 220] Compiling Distribution.GetOpt
Cabal               > [ 24 of 220] Compiling Distribution.Lex
Cabal               > [ 25 of 220] Compiling Distribution.PackageDescription.Quirks
Cabal               > [ 26 of 220] Compiling Distribution.PackageDescription.Utils
Cabal               > [ 27 of 220] Compiling Distribution.Parsec.Common
